Release 14.7 - xst P.20131013 (lin64)
Copyright (c) 1995-2013 Xilinx, Inc.  All rights reserved.
--> 
Parameter TMPDIR set to xst/projnav.tmp


Total REAL time to Xst completion: 0.00 secs
Total CPU time to Xst completion: 0.05 secs
 
--> 
Parameter xsthdpdir set to xst


Total REAL time to Xst completion: 0.00 secs
Total CPU time to Xst completion: 0.05 secs
 
--> 
Reading design: mem_cache.prj

TABLE OF CONTENTS
  1) Synthesis Options Summary
  2) HDL Parsing
  3) HDL Elaboration
  4) HDL Synthesis
       4.1) HDL Synthesis Report
  5) Advanced HDL Synthesis
       5.1) Advanced HDL Synthesis Report
  6) Low Level Synthesis
  7) Partition Report
  8) Design Summary
       8.1) Primitive and Black Box Usage
       8.2) Device utilization summary
       8.3) Partition Resource Summary
       8.4) Timing Report
            8.4.1) Clock Information
            8.4.2) Asynchronous Control Signals Information
            8.4.3) Timing Summary
            8.4.4) Timing Details
            8.4.5) Cross Clock Domains Report


=========================================================================
*                      Synthesis Options Summary                        *
=========================================================================
---- Source Parameters
Input File Name                    : "mem_cache.prj"
Ignore Synthesis Constraint File   : NO

---- Target Parameters
Output File Name                   : "mem_cache"
Output Format                      : NGC
Target Device                      : xc7a100t-3-csg324

---- Source Options
Top Module Name                    : mem_cache
Automatic FSM Extraction           : YES
FSM Encoding Algorithm             : Auto
Safe Implementation                : No
FSM Style                          : LUT
RAM Extraction                     : Yes
RAM Style                          : Auto
ROM Extraction                     : Yes
Shift Register Extraction          : YES
ROM Style                          : Auto
Resource Sharing                   : YES
Asynchronous To Synchronous        : NO
Shift Register Minimum Size        : 2
Use DSP Block                      : Auto
Automatic Register Balancing       : No

---- Target Options
LUT Combining                      : Auto
Reduce Control Sets                : Auto
Add IO Buffers                     : YES
Global Maximum Fanout              : 100000
Add Generic Clock Buffer(BUFG)     : 32
Register Duplication               : YES
Optimize Instantiated Primitives   : NO
Use Clock Enable                   : Auto
Use Synchronous Set                : Auto
Use Synchronous Reset              : Auto
Pack IO Registers into IOBs        : Auto
Equivalent register Removal        : YES

---- General Options
Optimization Goal                  : Speed
Optimization Effort                : 1
Power Reduction                    : NO
Keep Hierarchy                     : No
Netlist Hierarchy                  : As_Optimized
RTL Output                         : Yes
Global Optimization                : AllClockNets
Read Cores                         : YES
Write Timing Constraints           : NO
Cross Clock Analysis               : NO
Hierarchy Separator                : /
Bus Delimiter                      : <>
Case Specifier                     : Maintain
Slice Utilization Ratio            : 100
BRAM Utilization Ratio             : 100
DSP48 Utilization Ratio            : 100
Auto BRAM Packing                  : NO
Slice Utilization Ratio Delta      : 5

---- Other Options
Cores Search Directories           : {"ipcore_dir"  }

=========================================================================


=========================================================================
*                          HDL Parsing                                  *
=========================================================================
Parsing VHDL file "/home/tigon/Nextcloud/vibot-master/realtime-image-processing/lena-filter/lena_filter/ipcore_dir/fifo_memcache.vhd" into library work
Parsing entity <fifo_memcache>.
Parsing architecture <fifo_memcache_a> of entity <fifo_memcache>.
Parsing VHDL file "/home/tigon/Nextcloud/vibot-master/realtime-image-processing/lena-filter/lena_filter/D_FF_CONTROL.vhd" into library work
Parsing entity <D_FF_CONTROL>.
Parsing architecture <Behavioral> of entity <d_ff_control>.
Parsing VHDL file "/home/tigon/Nextcloud/vibot-master/realtime-image-processing/lena-filter/lena_filter/D_FF.vhd" into library work
Parsing entity <D_FF>.
Parsing architecture <Behavioral> of entity <d_ff>.
Parsing VHDL file "/home/tigon/Nextcloud/vibot-master/realtime-image-processing/lena-filter/lena_filter/mem_cache.vhd" into library work
Parsing entity <mem_cache>.
Parsing architecture <mem_cache_arch> of entity <mem_cache>.

=========================================================================
*                            HDL Elaboration                            *
=========================================================================

Elaborating entity <mem_cache> (architecture <mem_cache_arch>) from library <work>.

Elaborating entity <D_FF_CONTROL> (architecture <Behavioral>) from library <work>.

Elaborating entity <D_FF> (architecture <Behavioral>) from library <work>.

Elaborating entity <fifo_memcache> (architecture <fifo_memcache_a>) from library <work>.

=========================================================================
*                           HDL Synthesis                               *
=========================================================================

Synthesizing Unit <mem_cache>.
    Related source file is "/home/tigon/Nextcloud/vibot-master/realtime-image-processing/lena-filter/lena_filter/mem_cache.vhd".
INFO:Xst:3210 - "/home/tigon/Nextcloud/vibot-master/realtime-image-processing/lena-filter/lena_filter/mem_cache.vhd" line 208: Output port <full> of the instance <inst_FIFO_MEMCACHE> is unconnected or connected to loadless signal.
INFO:Xst:3210 - "/home/tigon/Nextcloud/vibot-master/realtime-image-processing/lena-filter/lena_filter/mem_cache.vhd" line 208: Output port <empty> of the instance <inst_FIFO_MEMCACHE> is unconnected or connected to loadless signal.
INFO:Xst:3210 - "/home/tigon/Nextcloud/vibot-master/realtime-image-processing/lena-filter/lena_filter/mem_cache.vhd" line 297: Output port <full> of the instance <inst_FIFO_MEMCACHE2> is unconnected or connected to loadless signal.
INFO:Xst:3210 - "/home/tigon/Nextcloud/vibot-master/realtime-image-processing/lena-filter/lena_filter/mem_cache.vhd" line 297: Output port <empty> of the instance <inst_FIFO_MEMCACHE2> is unconnected or connected to loadless signal.
    Summary:
	no macro.
Unit <mem_cache> synthesized.

Synthesizing Unit <D_FF_CONTROL>.
    Related source file is "/home/tigon/Nextcloud/vibot-master/realtime-image-processing/lena-filter/lena_filter/D_FF_CONTROL.vhd".
    Found 1-bit register for signal <ff_output>.
    Summary:
	inferred   1 D-type flip-flop(s).
Unit <D_FF_CONTROL> synthesized.

Synthesizing Unit <D_FF>.
    Related source file is "/home/tigon/Nextcloud/vibot-master/realtime-image-processing/lena-filter/lena_filter/D_FF.vhd".
    Found 8-bit register for signal <ff_output>.
    Summary:
	inferred   8 D-type flip-flop(s).
Unit <D_FF> synthesized.

=========================================================================
HDL Synthesis Report

Macro Statistics
# Registers                                            : 18
 1-bit register                                        : 9
 8-bit register                                        : 9

=========================================================================

=========================================================================
*                       Advanced HDL Synthesis                          *
=========================================================================

Reading core <ipcore_dir/fifo_memcache.ngc>.
Loading core <fifo_memcache> for timing and area information for instance <inst_FIFO_MEMCACHE>.
Loading core <fifo_memcache> for timing and area information for instance <inst_FIFO_MEMCACHE2>.

=========================================================================
Advanced HDL Synthesis Report

Macro Statistics
# Registers                                            : 81
 Flip-Flops                                            : 81

=========================================================================

=========================================================================
*                         Low Level Synthesis                           *
=========================================================================

Optimizing unit <D_FF> ...

Optimizing unit <mem_cache> ...

Mapping all equations...
Building and optimizing final netlist ...
Found area constraint ratio of 100 (+ 5) on block mem_cache, actual ratio is 0.
INFO:Xst:2260 - The FF/Latch <U0/xst_fifo_generator/gconvfifo.rf/grf.rf/gntv_or_sync_fifo.gl0.rd/grss.rsts/ram_empty_i> in Unit <inst_FIFO_MEMCACHE2> is equivalent to the following FF/Latch : <U0/xst_fifo_generator/gconvfifo.rf/grf.rf/gntv_or_sync_fifo.gl0.rd/grss.rsts/ram_empty_fb_i> 
INFO:Xst:2260 - The FF/Latch <U0/xst_fifo_generator/gconvfifo.rf/grf.rf/rstblk/ngwrdrst.grst.rd_rst_reg_2> in Unit <inst_FIFO_MEMCACHE2> is equivalent to the following FF/Latch : <U0/xst_fifo_generator/gconvfifo.rf/grf.rf/rstblk/ngwrdrst.grst.rd_rst_reg_0> 
INFO:Xst:2260 - The FF/Latch <U0/xst_fifo_generator/gconvfifo.rf/grf.rf/gntv_or_sync_fifo.gl0.wr/gwss.wsts/ram_full_fb_i> in Unit <inst_FIFO_MEMCACHE2> is equivalent to the following FF/Latch : <U0/xst_fifo_generator/gconvfifo.rf/grf.rf/gntv_or_sync_fifo.gl0.wr/gwss.wsts/ram_full_i> 
INFO:Xst:2260 - The FF/Latch <U0/xst_fifo_generator/gconvfifo.rf/grf.rf/gntv_or_sync_fifo.gl0.rd/grss.rsts/ram_empty_i> in Unit <inst_FIFO_MEMCACHE> is equivalent to the following FF/Latch : <U0/xst_fifo_generator/gconvfifo.rf/grf.rf/gntv_or_sync_fifo.gl0.rd/grss.rsts/ram_empty_fb_i> 
INFO:Xst:2260 - The FF/Latch <U0/xst_fifo_generator/gconvfifo.rf/grf.rf/rstblk/ngwrdrst.grst.rd_rst_reg_2> in Unit <inst_FIFO_MEMCACHE> is equivalent to the following FF/Latch : <U0/xst_fifo_generator/gconvfifo.rf/grf.rf/rstblk/ngwrdrst.grst.rd_rst_reg_0> 
INFO:Xst:2260 - The FF/Latch <U0/xst_fifo_generator/gconvfifo.rf/grf.rf/gntv_or_sync_fifo.gl0.wr/gwss.wsts/ram_full_fb_i> in Unit <inst_FIFO_MEMCACHE> is equivalent to the following FF/Latch : <U0/xst_fifo_generator/gconvfifo.rf/grf.rf/gntv_or_sync_fifo.gl0.wr/gwss.wsts/ram_full_i> 
INFO:Xst:2260 - The FF/Latch <U0/xst_fifo_generator/gconvfifo.rf/grf.rf/gntv_or_sync_fifo.gl0.rd/grss.rsts/ram_empty_i> in Unit <inst_FIFO_MEMCACHE2> is equivalent to the following FF/Latch : <U0/xst_fifo_generator/gconvfifo.rf/grf.rf/gntv_or_sync_fifo.gl0.rd/grss.rsts/ram_empty_fb_i> 
INFO:Xst:2260 - The FF/Latch <U0/xst_fifo_generator/gconvfifo.rf/grf.rf/rstblk/ngwrdrst.grst.rd_rst_reg_2> in Unit <inst_FIFO_MEMCACHE2> is equivalent to the following FF/Latch : <U0/xst_fifo_generator/gconvfifo.rf/grf.rf/rstblk/ngwrdrst.grst.rd_rst_reg_0> 
INFO:Xst:2260 - The FF/Latch <U0/xst_fifo_generator/gconvfifo.rf/grf.rf/gntv_or_sync_fifo.gl0.wr/gwss.wsts/ram_full_fb_i> in Unit <inst_FIFO_MEMCACHE2> is equivalent to the following FF/Latch : <U0/xst_fifo_generator/gconvfifo.rf/grf.rf/gntv_or_sync_fifo.gl0.wr/gwss.wsts/ram_full_i> 
INFO:Xst:2260 - The FF/Latch <U0/xst_fifo_generator/gconvfifo.rf/grf.rf/gntv_or_sync_fifo.gl0.rd/grss.rsts/ram_empty_i> in Unit <inst_FIFO_MEMCACHE> is equivalent to the following FF/Latch : <U0/xst_fifo_generator/gconvfifo.rf/grf.rf/gntv_or_sync_fifo.gl0.rd/grss.rsts/ram_empty_fb_i> 
INFO:Xst:2260 - The FF/Latch <U0/xst_fifo_generator/gconvfifo.rf/grf.rf/rstblk/ngwrdrst.grst.rd_rst_reg_2> in Unit <inst_FIFO_MEMCACHE> is equivalent to the following FF/Latch : <U0/xst_fifo_generator/gconvfifo.rf/grf.rf/rstblk/ngwrdrst.grst.rd_rst_reg_0> 
INFO:Xst:2260 - The FF/Latch <U0/xst_fifo_generator/gconvfifo.rf/grf.rf/gntv_or_sync_fifo.gl0.wr/gwss.wsts/ram_full_fb_i> in Unit <inst_FIFO_MEMCACHE> is equivalent to the following FF/Latch : <U0/xst_fifo_generator/gconvfifo.rf/grf.rf/gntv_or_sync_fifo.gl0.wr/gwss.wsts/ram_full_i> 

Final Macro Processing ...

=========================================================================
Final Register Report

Macro Statistics
# Registers                                            : 81
 Flip-Flops                                            : 81

=========================================================================

=========================================================================
*                           Partition Report                            *
=========================================================================

Partition Implementation Status
-------------------------------

  No Partitions were found in this design.

-------------------------------

=========================================================================
*                            Design Summary                             *
=========================================================================

Top Level Output File Name         : mem_cache.ngc

Primitive and Black Box Usage:
------------------------------
# BELS                             : 286
#      GND                         : 5
#      INV                         : 6
#      LUT2                        : 42
#      LUT3                        : 14
#      LUT4                        : 82
#      LUT5                        : 8
#      LUT6                        : 22
#      MUXCY                       : 84
#      VCC                         : 3
#      XORCY                       : 20
# FlipFlops/Latches                : 235
#      FD                          : 8
#      FDC                         : 35
#      FDCE                        : 162
#      FDP                         : 28
#      FDPE                        : 2
# RAMS                             : 2
#      RAMB18E1                    : 2
# Clock Buffers                    : 1
#      BUFGP                       : 1
# IO Buffers                       : 84
#      IBUF                        : 11
#      OBUF                        : 73

Device utilization summary:
---------------------------

Selected Device : 7a100tcsg324-3 


Slice Logic Utilization: 
 Number of Slice Registers:             235  out of  126800     0%  
 Number of Slice LUTs:                  174  out of  63400     0%  
    Number used as Logic:               174  out of  63400     0%  

Slice Logic Distribution: 
 Number of LUT Flip Flop pairs used:    340
   Number with an unused Flip Flop:     105  out of    340    30%  
   Number with an unused LUT:           166  out of    340    48%  
   Number of fully used LUT-FF pairs:    69  out of    340    20%  
   Number of unique control sets:        28

IO Utilization: 
 Number of IOs:                          85
 Number of bonded IOBs:                  85  out of    210    40%  

Specific Feature Utilization:
 Number of Block RAM/FIFO:                1  out of    135     0%  
    Number using Block RAM only:          1
 Number of BUFG/BUFGCTRLs:                1  out of     32     3%  

---------------------------
Partition Resource Summary:
---------------------------

  No Partitions were found in this design.

---------------------------


=========================================================================
Timing Report

NOTE: THESE TIMING NUMBERS ARE ONLY A SYNTHESIS ESTIMATE.
      FOR ACCURATE TIMING INFORMATION PLEASE REFER TO THE TRACE REPORT
      GENERATED AFTER PLACE-and-ROUTE.

Clock Information:
------------------
-----------------------------------+------------------------+-------+
Clock Signal                       | Clock buffer(FF name)  | Load  |
-----------------------------------+------------------------+-------+
clk                                | BUFGP                  | 237   |
-----------------------------------+------------------------+-------+

Asynchronous Control Signals Information:
----------------------------------------
No asynchronous control signals found in this design

Timing Summary:
---------------
Speed Grade: -3

   Minimum period: 2.374ns (Maximum Frequency: 421.301MHz)
   Minimum input arrival time before clock: 2.076ns
   Maximum output required time after clock: 0.677ns
   Maximum combinational path delay: No path found

Timing Details:
---------------
All values displayed in nanoseconds (ns)

=========================================================================
Timing constraint: Default period analysis for Clock 'clk'
  Clock period: 2.374ns (frequency: 421.301MHz)
  Total number of paths / destination ports: 1766 / 582
-------------------------------------------------------------------------
Delay:               2.374ns (Levels of Logic = 3)
  Source:            inst_FIFO_MEMCACHE2/U0/xst_fifo_generator/gconvfifo.rf/grf.rf/gntv_or_sync_fifo.gl0.wr/gwss.gpf.wrpf/prog_full_i (FF)
  Destination:       inst_FIFO_MEMCACHE2/U0/xst_fifo_generator/gconvfifo.rf/grf.rf/gntv_or_sync_fifo.gl0.wr/gwss.gpf.wrpf/prog_full_i (FF)
  Source Clock:      clk rising
  Destination Clock: clk rising

  Data Path: inst_FIFO_MEMCACHE2/U0/xst_fifo_generator/gconvfifo.rf/grf.rf/gntv_or_sync_fifo.gl0.wr/gwss.gpf.wrpf/prog_full_i to inst_FIFO_MEMCACHE2/U0/xst_fifo_generator/gconvfifo.rf/grf.rf/gntv_or_sync_fifo.gl0.wr/gwss.gpf.wrpf/prog_full_i
                                Gate     Net
    Cell:in->out      fanout   Delay   Delay  Logical Name (Net Name)
    ----------------------------------------  ------------
     FDP:C->Q              4   0.361   0.525  U0/xst_fifo_generator/gconvfifo.rf/grf.rf/gntv_or_sync_fifo.gl0.wr/gwss.gpf.wrpf/prog_full_i (prog_full)
     LUT3:I0->O            1   0.097   0.693  U0/xst_fifo_generator/gconvfifo.rf/grf.rf/gntv_or_sync_fifo.gl0.wr/gwss.gpf.wrpf/Mmux_prog_full_i_GND_203_o_MUX_26_o15_SW0_SW1 (N3)
     LUT6:I0->O            1   0.097   0.000  U0/xst_fifo_generator/gconvfifo.rf/grf.rf/gntv_or_sync_fifo.gl0.wr/gwss.gpf.wrpf/prog_full_i_rstpot_lut1 (U0/xst_fifo_generator/gconvfifo.rf/grf.rf/gntv_or_sync_fifo.gl0.wr/gwss.gpf.wrpf/prog_full_i_rstpot_lut1)
     MUXCY:S->O            1   0.592   0.000  U0/xst_fifo_generator/gconvfifo.rf/grf.rf/gntv_or_sync_fifo.gl0.wr/gwss.gpf.wrpf/prog_full_i_rstpot_cy1 (U0/xst_fifo_generator/gconvfifo.rf/grf.rf/gntv_or_sync_fifo.gl0.wr/gwss.gpf.wrpf/prog_full_i_rstpot)
     FDP:D                     0.008          U0/xst_fifo_generator/gconvfifo.rf/grf.rf/gntv_or_sync_fifo.gl0.wr/gwss.gpf.wrpf/prog_full_i
    ----------------------------------------
    Total                      2.374ns (1.155ns logic, 1.219ns route)
                                       (48.7% logic, 51.3% route)

=========================================================================
Timing constraint: Default OFFSET IN BEFORE for Clock 'clk'
  Total number of paths / destination ports: 174 / 174
-------------------------------------------------------------------------
Offset:              2.076ns (Levels of Logic = 15)
  Source:            mem_cache_en (PAD)
  Destination:       inst_FIFO_MEMCACHE2/U0/xst_fifo_generator/gconvfifo.rf/grf.rf/gntv_or_sync_fifo.gl0.wr/gwss.gpf.wrpf/diff_pntr_pad_10 (FF)
  Destination Clock: clk rising

  Data Path: mem_cache_en to inst_FIFO_MEMCACHE2/U0/xst_fifo_generator/gconvfifo.rf/grf.rf/gntv_or_sync_fifo.gl0.wr/gwss.gpf.wrpf/diff_pntr_pad_10
                                Gate     Net
    Cell:in->out      fanout   Delay   Delay  Logical Name (Net Name)
    ----------------------------------------  ------------
     IBUF:I->O             3   0.001   0.389  mem_cache_en_IBUF (mem_cache_en_IBUF)
     LUT2:I0->O            4   0.097   0.570  gate_control_fifo11 (gate_control_fifo1)
     begin scope: 'inst_FIFO_MEMCACHE:rd_en'
     LUT4:I0->O            0   0.097   0.000  U0/xst_fifo_generator/gconvfifo.rf/grf.rf/gntv_or_sync_fifo.gl0.wr/gwss.gpf.wrpf/wr_pntr_plus1_pad<0>_mand1 (U0/xst_fifo_generator/gconvfifo.rf/grf.rf/gntv_or_sync_fifo.gl0.wr/gwss.gpf.wrpf/wr_pntr_plus1_pad<0>_mand1)
     MUXCY:DI->O           1   0.337   0.000  U0/xst_fifo_generator/gconvfifo.rf/grf.rf/gntv_or_sync_fifo.gl0.wr/gwss.gpf.wrpf/Madd_wr_pntr_plus1_pad[10]_rd_pntr_wr_inv_pad[10]_add_2_OUT_cy<0> (U0/xst_fifo_generator/gconvfifo.rf/grf.rf/gntv_or_sync_fifo.gl0.wr/gwss.gpf.wrpf/Madd_wr_pntr_plus1_pad[10]_rd_pntr_wr_inv_pad[10]_add_2_OUT_cy<0>)
     MUXCY:CI->O           1   0.023   0.000  U0/xst_fifo_generator/gconvfifo.rf/grf.rf/gntv_or_sync_fifo.gl0.wr/gwss.gpf.wrpf/Madd_wr_pntr_plus1_pad[10]_rd_pntr_wr_inv_pad[10]_add_2_OUT_cy<1> (U0/xst_fifo_generator/gconvfifo.rf/grf.rf/gntv_or_sync_fifo.gl0.wr/gwss.gpf.wrpf/Madd_wr_pntr_plus1_pad[10]_rd_pntr_wr_inv_pad[10]_add_2_OUT_cy<1>)
     MUXCY:CI->O           1   0.023   0.000  U0/xst_fifo_generator/gconvfifo.rf/grf.rf/gntv_or_sync_fifo.gl0.wr/gwss.gpf.wrpf/Madd_wr_pntr_plus1_pad[10]_rd_pntr_wr_inv_pad[10]_add_2_OUT_cy<2> (U0/xst_fifo_generator/gconvfifo.rf/grf.rf/gntv_or_sync_fifo.gl0.wr/gwss.gpf.wrpf/Madd_wr_pntr_plus1_pad[10]_rd_pntr_wr_inv_pad[10]_add_2_OUT_cy<2>)
     MUXCY:CI->O           1   0.023   0.000  U0/xst_fifo_generator/gconvfifo.rf/grf.rf/gntv_or_sync_fifo.gl0.wr/gwss.gpf.wrpf/Madd_wr_pntr_plus1_pad[10]_rd_pntr_wr_inv_pad[10]_add_2_OUT_cy<3> (U0/xst_fifo_generator/gconvfifo.rf/grf.rf/gntv_or_sync_fifo.gl0.wr/gwss.gpf.wrpf/Madd_wr_pntr_plus1_pad[10]_rd_pntr_wr_inv_pad[10]_add_2_OUT_cy<3>)
     MUXCY:CI->O           1   0.023   0.000  U0/xst_fifo_generator/gconvfifo.rf/grf.rf/gntv_or_sync_fifo.gl0.wr/gwss.gpf.wrpf/Madd_wr_pntr_plus1_pad[10]_rd_pntr_wr_inv_pad[10]_add_2_OUT_cy<4> (U0/xst_fifo_generator/gconvfifo.rf/grf.rf/gntv_or_sync_fifo.gl0.wr/gwss.gpf.wrpf/Madd_wr_pntr_plus1_pad[10]_rd_pntr_wr_inv_pad[10]_add_2_OUT_cy<4>)
     MUXCY:CI->O           1   0.023   0.000  U0/xst_fifo_generator/gconvfifo.rf/grf.rf/gntv_or_sync_fifo.gl0.wr/gwss.gpf.wrpf/Madd_wr_pntr_plus1_pad[10]_rd_pntr_wr_inv_pad[10]_add_2_OUT_cy<5> (U0/xst_fifo_generator/gconvfifo.rf/grf.rf/gntv_or_sync_fifo.gl0.wr/gwss.gpf.wrpf/Madd_wr_pntr_plus1_pad[10]_rd_pntr_wr_inv_pad[10]_add_2_OUT_cy<5>)
     MUXCY:CI->O           1   0.023   0.000  U0/xst_fifo_generator/gconvfifo.rf/grf.rf/gntv_or_sync_fifo.gl0.wr/gwss.gpf.wrpf/Madd_wr_pntr_plus1_pad[10]_rd_pntr_wr_inv_pad[10]_add_2_OUT_cy<6> (U0/xst_fifo_generator/gconvfifo.rf/grf.rf/gntv_or_sync_fifo.gl0.wr/gwss.gpf.wrpf/Madd_wr_pntr_plus1_pad[10]_rd_pntr_wr_inv_pad[10]_add_2_OUT_cy<6>)
     MUXCY:CI->O           1   0.023   0.000  U0/xst_fifo_generator/gconvfifo.rf/grf.rf/gntv_or_sync_fifo.gl0.wr/gwss.gpf.wrpf/Madd_wr_pntr_plus1_pad[10]_rd_pntr_wr_inv_pad[10]_add_2_OUT_cy<7> (U0/xst_fifo_generator/gconvfifo.rf/grf.rf/gntv_or_sync_fifo.gl0.wr/gwss.gpf.wrpf/Madd_wr_pntr_plus1_pad[10]_rd_pntr_wr_inv_pad[10]_add_2_OUT_cy<7>)
     MUXCY:CI->O           1   0.023   0.000  U0/xst_fifo_generator/gconvfifo.rf/grf.rf/gntv_or_sync_fifo.gl0.wr/gwss.gpf.wrpf/Madd_wr_pntr_plus1_pad[10]_rd_pntr_wr_inv_pad[10]_add_2_OUT_cy<8> (U0/xst_fifo_generator/gconvfifo.rf/grf.rf/gntv_or_sync_fifo.gl0.wr/gwss.gpf.wrpf/Madd_wr_pntr_plus1_pad[10]_rd_pntr_wr_inv_pad[10]_add_2_OUT_cy<8>)
     MUXCY:CI->O           0   0.023   0.000  U0/xst_fifo_generator/gconvfifo.rf/grf.rf/gntv_or_sync_fifo.gl0.wr/gwss.gpf.wrpf/Madd_wr_pntr_plus1_pad[10]_rd_pntr_wr_inv_pad[10]_add_2_OUT_cy<9> (U0/xst_fifo_generator/gconvfifo.rf/grf.rf/gntv_or_sync_fifo.gl0.wr/gwss.gpf.wrpf/Madd_wr_pntr_plus1_pad[10]_rd_pntr_wr_inv_pad[10]_add_2_OUT_cy<9>)
     XORCY:CI->O           1   0.370   0.000  U0/xst_fifo_generator/gconvfifo.rf/grf.rf/gntv_or_sync_fifo.gl0.wr/gwss.gpf.wrpf/Madd_wr_pntr_plus1_pad[10]_rd_pntr_wr_inv_pad[10]_add_2_OUT_xor<10> (U0/xst_fifo_generator/gconvfifo.rf/grf.rf/gntv_or_sync_fifo.gl0.wr/gwss.gpf.wrpf/wr_pntr_plus1_pad[10]_rd_pntr_wr_inv_pad[10]_add_2_OUT<10>)
     FDC:D                     0.008          U0/xst_fifo_generator/gconvfifo.rf/grf.rf/gntv_or_sync_fifo.gl0.wr/gwss.gpf.wrpf/diff_pntr_pad_10
    ----------------------------------------
    Total                      2.076ns (1.117ns logic, 0.959ns route)
                                       (53.8% logic, 46.2% route)

=========================================================================
Timing constraint: Default OFFSET OUT AFTER for Clock 'clk'
  Total number of paths / destination ports: 73 / 73
-------------------------------------------------------------------------
Offset:              0.677ns (Levels of Logic = 1)
  Source:            control_ff_9/ff_output (FF)
  Destination:       px_window_ready (PAD)
  Source Clock:      clk rising

  Data Path: control_ff_9/ff_output to px_window_ready
                                Gate     Net
    Cell:in->out      fanout   Delay   Delay  Logical Name (Net Name)
    ----------------------------------------  ------------
     FDC:C->Q              9   0.361   0.316  control_ff_9/ff_output (control_ff_9/ff_output)
     OBUF:I->O                 0.000          px_window_ready_OBUF (px_window_ready)
    ----------------------------------------
    Total                      0.677ns (0.361ns logic, 0.316ns route)
                                       (53.3% logic, 46.7% route)

=========================================================================

Cross Clock Domains Report:
--------------------------

Clock to Setup on destination clock clk
---------------+---------+---------+---------+---------+
               | Src:Rise| Src:Fall| Src:Rise| Src:Fall|
Source Clock   |Dest:Rise|Dest:Rise|Dest:Fall|Dest:Fall|
---------------+---------+---------+---------+---------+
clk            |    2.374|         |         |         |
---------------+---------+---------+---------+---------+

=========================================================================


Total REAL time to Xst completion: 12.00 secs
Total CPU time to Xst completion: 11.80 secs
 
--> 


Total memory usage is 507452 kilobytes

Number of errors   :    0 (   0 filtered)
Number of warnings :    0 (   0 filtered)
Number of infos    :   16 (   0 filtered)

